[20:55:07] [INIT] KubeJS 1902.6.1-build.311; MC 1902 forge
[20:55:07] [INIT] Loaded plugins:
[20:55:07] [INIT] - dev.latvian.mods.kubejs.forge.BuiltinKubeJSForgePlugin
[20:55:07] [INIT] - dev.latvian.kubejs.mekanism.MekanismKubeJSPlugin
[20:55:07] [INIT] - fr.frinn.custommachinery.common.integration.kubejs.CustomMachineryKubeJSPlugin
[20:55:07] [INIT] - dev.latvian.mods.kubejs.thermal.KubeJSThermalPlugin
[20:55:07] [INIT] - dev.ftb.mods.ftbquests.integration.kubejs.KubeJSIntegration
[20:55:07] [INIT] - thelm.jaopca.compat.kubejs.JAOPCAKubeJSPlugin
[20:55:07] [INIT] - dev.latvian.mods.kubejs.create.KubeJSCreatePlugin
[20:55:08] [INFO] server_scripts:added_recipes.js:3: Just Monika.
[20:55:08] [INFO] Loaded script server_scripts:added_recipes.js in 0.09 s
[20:55:08] [INFO] Loaded script server_scripts:tags.js in 0.003 s
[20:55:08] [INFO] Loaded script server_scripts:extra_integration.js in 0.005 s
[20:55:08] [INFO] Loaded script server_scripts:removed_recipes.js in 0.033 s
[20:55:08] [INFO] Loaded script server_scripts:scripts.js in 0.003 s
[20:55:08] [INFO] Loaded script server_scripts:sequenced_assemblies.js in 0.012 s
[20:55:08] [INFO] Loaded 6/6 KubeJS server scripts in 0.162 s
[20:55:08] [INFO] Scripts loaded
[20:55:08] [INFO] Initializing recipe event...
[20:55:12] [INFO] [minecraft:fluid] Found 54 tags, added 1 objects, removed 8 objects
[20:55:12] [INFO] [minecraft:item] Found 1210 tags, added 3 objects, removed 1 objects
[20:55:14] [INFO] Processing recipes...
[20:55:14] [WARN] Failed to parse recipe 'thermal:compat/create/pulverizer_create_veridium[thermal:pulverizer]'! Falling back to vanilla: java.lang.NullPointerException: Cannot invoke "com.google.gson.JsonElement.getAsString()" because the return value of "com.google.gson.JsonObject.get(String)" is null
[20:55:14] [WARN] Failed to parse recipe 'thermal:compat/create/pulverizer_create_veridium_recycle[thermal:pulverizer_recycle]'! Falling back to vanilla: java.lang.NullPointerException: Cannot invoke "com.google.gson.JsonElement.getAsString()" because the return value of "com.google.gson.JsonObject.get(String)" is null
[20:55:14] [WARN] Failed to parse recipe 'thermal:compat/create/pulverizer_create_ochrum_recycle[thermal:pulverizer_recycle]'! Falling back to vanilla: java.lang.NullPointerException: Cannot invoke "com.google.gson.JsonElement.getAsString()" because the return value of "com.google.gson.JsonObject.get(String)" is null
[20:55:14] [WARN] Failed to parse recipe 'thermal:compat/create/pulverizer_create_crimsite_recycle[thermal:pulverizer_recycle]'! Falling back to vanilla: java.lang.NullPointerException: Cannot invoke "com.google.gson.JsonElement.getAsString()" because the return value of "com.google.gson.JsonObject.get(String)" is null
[20:55:14] [WARN] Failed to parse recipe 'thermal:compat/create/pulverizer_create_asurine[thermal:pulverizer]'! Falling back to vanilla: java.lang.NullPointerException: Cannot invoke "com.google.gson.JsonElement.getAsString()" because the return value of "com.google.gson.JsonObject.get(String)" is null
[20:55:14] [WARN] Failed to parse recipe 'thermal:compat/create/pulverizer_create_zinc_ore[thermal:pulverizer]'! Falling back to vanilla: java.lang.NullPointerException: Cannot invoke "com.google.gson.JsonElement.getAsString()" because the return value of "com.google.gson.JsonObject.get(String)" is null
[20:55:14] [WARN] Failed to parse recipe 'thermal:compat/create/pulverizer_create_ochrum[thermal:pulverizer]'! Falling back to vanilla: java.lang.NullPointerException: Cannot invoke "com.google.gson.JsonElement.getAsString()" because the return value of "com.google.gson.JsonObject.get(String)" is null
[20:55:14] [WARN] Failed to parse recipe 'thermal:compat/create/pulverizer_create_crimsite[thermal:pulverizer]'! Falling back to vanilla: java.lang.NullPointerException: Cannot invoke "com.google.gson.JsonElement.getAsString()" because the return value of "com.google.gson.JsonObject.get(String)" is null
[20:55:14] [WARN] Failed to parse recipe 'create:mixing/mud_by_mixing[create:mixing]'! Falling back to vanilla: com.google.gson.JsonSyntaxException: Invalid fluid ingredient: {"type":"create:block_tag_ingredient","tag":"minecraft:convertable_to_mud"}
[20:55:14] [WARN] Failed to parse recipe 'thermal:compat/create/pulverizer_create_asurine_recycle[thermal:pulverizer_recycle]'! Falling back to vanilla: java.lang.NullPointerException: Cannot invoke "com.google.gson.JsonElement.getAsString()" because the return value of "com.google.gson.JsonObject.get(String)" is null
[20:55:14] [INFO] Found 8334 recipes in 436.7 ms
[20:55:15] [INFO] Posted recipe events in 630.1 ms
[20:55:15] [WARN] Duplicate recipe for id create:kjs_1cq383lfhik0zxyr9nl9iod8t! Using last one encountered.
[20:55:15] [WARN] You might want to check your scripts for errors.
[20:55:15] [INFO] Added 217 recipes, removed 327 recipes, modified 1 recipes, with 0 failed recipes in 245.3 ms
[20:55:16] [INFO] Collecting Custom Machine upgrades from JS scripts.
